<?xml version="1.0" encoding="UTF-8"?>
<testsuite name="de.phonebook.tests.AddContactTest" tests="1" skipped="0" failures="0" errors="0" timestamp="2026-08-18T08:26:19" hostname="MacBook-Air-Kristina.local" time="1.772">
  <properties/>
  <testcase name="addContactPositiveTest" classname="de.phonebook.tests.AddContactTest" time="1.772"/>
  <system-out><![CDATA[11:26:09.034 [Test worker] INFO  de.phonebook.core.TestBase -- Start test addContactPositiveTest
11:26:21.577 [Test worker] INFO  de.phonebook.core.TestBase -- PASSED: addContactPositiveTest
11:26:21.577 [Test worker] INFO  de.phonebook.core.TestBase -- Stop test
11:26:21.577 [Test worker] INFO  de.phonebook.core.TestBase -- *****************************************
]]></system-out>
  <system-err><![CDATA[]]></system-err>
</testsuite>
